<?xml version="1.0" encoding="UTF-8" standalone="yes" ?>
<test-results name="C:\Users\janair.correia\Exercism\delphi\leap\Leap.exe" total="2" errors="0" failures="0" ignored="4" inconclusive="0" not-run="4" skipped="0" invalid="0" date="2024-04-09" time="0.001">
  <culture-info current-culture="en" current-uiculture="en" />
  <test-suite type="Assembly" name="Leap.exe" executed="true" result="Success" success="True" time="0.001" asserts="0">
    <results>
        <test-suite type="Namespace" name="uLeapTests" executed="true" result="Success" success="True" time="0.000" asserts="0" >
          <results>
              <test-suite type="Fixture" name="YearTest" executed="True" result="Success" success="True" time="0.000" >
                <results>
                  <test-case name="year_not_divisible_by_4_common_year" executed="True" result="Success" success="True" time="0.000" asserts="0" />
                  <test-case name="year_divisible_by_2_not_divisible_by_4_common_year" executed="True" result="Success" success="True" time="0.000" asserts="0" />
                  <test-case name="year_divisible_by_4_not_divisible_by_100_leap_year" executed="False" result="Ignored"  time="0.000" asserts="0" >
                    <reason>
                      <message>
                        <![CDATA[  ]]>
                      </message>
                    </reason>
                  </test-case>
                  <test-case name="year_divisible_by_100_not_divisible_by_400_common_year" executed="False" result="Ignored"  time="0.000" asserts="0" >
                    <reason>
                      <message>
                        <![CDATA[  ]]>
                      </message>
                    </reason>
                  </test-case>
                  <test-case name="year_divisible_by_400_leap_year" executed="False" result="Ignored"  time="0.000" asserts="0" >
                    <reason>
                      <message>
                        <![CDATA[  ]]>
                      </message>
                    </reason>
                  </test-case>
                  <test-case name="year_divisible_by_200_not_divisible_by_400_common_year" executed="False" result="Ignored"  time="0.000" asserts="0" >
                    <reason>
                      <message>
                        <![CDATA[  ]]>
                      </message>
                    </reason>
                  </test-case>
                </results>
              </test-suite>
          </results>
        </test-suite>
    </results>
  </test-suite>
</test-results>
